<?xml version="1.0" encoding="UTF-8"?>
<!-- Generated by org.testng.reporters.JUnitReportReporter -->
<testsuite hostname="LAPTOP-TOIRVPML" failures="0" tests="3" name="utils.ExcelDataProvider" time="40.825" errors="0" timestamp="2021-01-22T00:29:48 IST" skipped="0">
  <testcase classname="utils.ExcelDataProvider" name="test1" time="4.373"/>
  <system-out/>
  <testcase classname="utils.ExcelDataProvider" name="test1" time="31.775"/>
  <system-out/>
  <testcase classname="utils.ExcelDataProvider" name="test1" time="4.677"/>
  <system-out/>
</testsuite> <!-- utils.ExcelDataProvider -->
